[0m15:43:56.271711 [debug] [MainThread]: Sending event: {'category': 'dbt', 'action': 'invocation', 'label': 'start', 'context': [<snowplow_tracker.self_describing_json.SelfDescribingJson object at 0x0000027D5C82E020>, <snowplow_tracker.self_describing_json.SelfDescribingJson object at 0x0000027D5EA7F9A0>, <snowplow_tracker.self_describing_json.SelfDescribingJson object at 0x0000027D5EA7F370>]}


============================== 15:43:56.286545 | 6bd15cc8-ff27-45d0-92f1-5e08ac9c7be8 ==============================
[0m15:43:56.286545 [info ] [MainThread]: Running with dbt=1.11.2
[0m15:43:56.287565 [debug] [MainThread]: running dbt with arguments {'version_check': 'True', 'no_print': 'None', 'static_parser': 'True', 'warn_error_options': 'WarnErrorOptionsV2(error=[], warn=[], silence=[])', 'target_path': 'None', 'printer_width': '80', 'write_json': 'True', 'introspect': 'True', 'log_cache_events': 'False', 'empty': 'None', 'cache_selected_only': 'False', 'log_format': 'default', 'debug': 'False', 'fail_fast': 'False', 'partial_parse': 'True', 'send_anonymous_usage_stats': 'True', 'quiet': 'False', 'warn_error': 'None', 'profiles_dir': '.', 'use_colors': 'True', 'indirect_selection': 'eager', 'invocation_command': 'dbt init --profiles-dir .', 'use_experimental_parser': 'False', 'log_path': 'logs'}
[0m15:44:28.459426 [debug] [MainThread]: Starter project path: C:\Users\prakh\Desktop\Assignment\env\lib\site-packages\dbt\include\starter_project
[0m15:44:28.619937 [info ] [MainThread]: 
Your new dbt project "data_engineer" was created!

For more information on how to configure the profiles.yml file,
please consult the dbt documentation here:

  https://docs.getdbt.com/docs/configure-your-profile

One more thing:

Need help? Don't hesitate to reach out to us via GitHub issues or on Slack:

  https://community.getdbt.com/

Happy modeling!

[0m15:44:28.619937 [info ] [MainThread]: Setting up your profile.
[0m15:45:37.763415 [info ] [MainThread]: Profile data_engineer written to profiles.yml using target's sample configuration. Once updated, you'll be able to start developing with dbt.
[0m15:45:37.781475 [debug] [MainThread]: Command `dbt init` succeeded at 15:45:37.781475 after 101.69 seconds
[0m15:45:37.781475 [debug] [MainThread]: Sending event: {'category': 'dbt', 'action': 'invocation', 'label': 'end', 'context': [<snowplow_tracker.self_describing_json.SelfDescribingJson object at 0x0000027D5C82E020>, <snowplow_tracker.self_describing_json.SelfDescribingJson object at 0x0000027D5EA7F9A0>, <snowplow_tracker.self_describing_json.SelfDescribingJson object at 0x0000027D5EB3C640>]}
[0m15:45:37.783975 [debug] [MainThread]: Flushing usage events
[0m15:45:39.124478 [debug] [MainThread]: An error was encountered while trying to flush usage events
